[20240430185334] chinaware||中国
[20240430185339] dinnerware||中国
[20240430185432] chinaware||中国
[20240430185544] chinaware
[20240430185631] walnut||中国
[20240430185700] walnut||中国
[20240430190127] walnut||中国
[20240430190616] 苍天||sky
[20240430203628] skylight||sky
[20240430204054] sook||nam
[20240430204105] sook||nam
[20240430204144] sook||nam
[20240430204153] sook||nam
[20240430204200] bae||nam
[20240430204202] bae||nam
[20240430204203] bae||nam
[20240430204204] bae||nam
[20240430204208] hoon||nam
[20240430204217] chu||nam
[20240430204251] ja||nam
[20240430204255] ja||nam
